2016/10/26 11:12:34 [error] [php] Trying to get property of non-object (C:\xampp\htdocs\goldstarnetPublico\protected\modules\rights\components\RWebUser.php:56)
Stack trace:
#0 C:\xampp\htdocs\goldstarnetPublico\protected\modules\rights\components\RController.php(36): RightsFilter->filter()
#1 C:\xampp\htdocs\goldstarnetPublico\yii\framework\web\filters\CInlineFilter.php(58): PaisController->filterRights()
#2 C:\xampp\htdocs\goldstarnetPublico\yii\framework\web\filters\CFilterChain.php(130): CInlineFilter->filter()
#3 C:\xampp\htdocs\goldstarnetPublico\yii\framework\web\CController.php(291): CFilterChain->run()
#4 C:\xampp\htdocs\goldstarnetPublico\yii\framework\web\CController.php(265): PaisController->runActionWithFilters()
#5 C:\xampp\htdocs\goldstarnetPublico\yii\framework\web\CWebApplication.php(282): PaisController->run()
#6 C:\xampp\htdocs\goldstarnetPublico\yii\framework\web\CWebApplication.php(141): CWebApplication->runController()
#7 C:\xampp\htdocs\goldstarnetPublico\yii\framework\base\CApplication.php(185): CWebApplication->processRequest()
#8 C:\xampp\htdocs\goldstarnetPublico\index.php(13): CWebApplication->run()
REQUEST_URI=/goldstarnetPublico/pais/admin
2016/10/26 11:12:50 [error] [php] Trying to get property of non-object (C:\xampp\htdocs\goldstarnetPublico\protected\modules\rights\components\RWebUser.php:56)
Stack trace:
#0 C:\xampp\htdocs\goldstarnetPublico\protected\modules\rights\components\RController.php(36): RightsFilter->filter()
#1 C:\xampp\htdocs\goldstarnetPublico\yii\framework\web\filters\CInlineFilter.php(58): PaisController->filterRights()
#2 C:\xampp\htdocs\goldstarnetPublico\yii\framework\web\filters\CFilterChain.php(130): CInlineFilter->filter()
#3 C:\xampp\htdocs\goldstarnetPublico\yii\framework\web\CController.php(291): CFilterChain->run()
#4 C:\xampp\htdocs\goldstarnetPublico\yii\framework\web\CController.php(265): PaisController->runActionWithFilters()
#5 C:\xampp\htdocs\goldstarnetPublico\yii\framework\web\CWebApplication.php(282): PaisController->run()
#6 C:\xampp\htdocs\goldstarnetPublico\yii\framework\web\CWebApplication.php(141): CWebApplication->runController()
#7 C:\xampp\htdocs\goldstarnetPublico\yii\framework\base\CApplication.php(185): CWebApplication->processRequest()
#8 C:\xampp\htdocs\goldstarnetPublico\index.php(13): CWebApplication->run()
REQUEST_URI=/goldstarnetPublico/pais/admin
2016/10/26 11:13:15 [error] [exception.CHttpException.403] exception 'CHttpException' with message 'You are not authorized to perform this action.' in C:\xampp\htdocs\goldstarnetPublico\protected\modules\rights\components\RController.php:62
Stack trace:
#0 C:\xampp\htdocs\goldstarnetPublico\protected\modules\rights\components\RightsFilter.php(56): RController->accessDenied()
#1 C:\xampp\htdocs\goldstarnetPublico\yii\framework\web\filters\CFilter.php(38): RightsFilter->preFilter(Object(CFilterChain))
#2 C:\xampp\htdocs\goldstarnetPublico\protected\modules\rights\components\RController.php(36): CFilter->filter(Object(CFilterChain))
#3 C:\xampp\htdocs\goldstarnetPublico\yii\framework\web\filters\CInlineFilter.php(58): RController->filterRights(Object(CFilterChain))
#4 C:\xampp\htdocs\goldstarnetPublico\yii\framework\web\filters\CFilterChain.php(130): CInlineFilter->filter(Object(CFilterChain))
#5 C:\xampp\htdocs\goldstarnetPublico\yii\framework\web\CController.php(291): CFilterChain->run()
#6 C:\xampp\htdocs\goldstarnetPublico\yii\framework\web\CController.php(265): CController->runActionWithFilters(Object(CInlineAction), Array)
#7 C:\xampp\htdocs\goldstarnetPublico\yii\framework\web\CWebApplication.php(282): CController->run('admin')
#8 C:\xampp\htdocs\goldstarnetPublico\yii\framework\web\CWebApplication.php(141): CWebApplication->runController('pais/admin')
#9 C:\xampp\htdocs\goldstarnetPublico\yii\framework\base\CApplication.php(185): CWebApplication->processRequest()
#10 C:\xampp\htdocs\goldstarnetPublico\index.php(13): CApplication->run()
#11 {main}
REQUEST_URI=/goldstarnetPublico/pais/admin
---
2016/10/26 11:14:18 [error] [system.db.CDbCommand] CDbCommand::fetchAll() failed: SQLSTATE[42S02]: Base table or view not found: 1146 Table 'goldstarnet.catalogo' doesn't exist. The SQL statement executed was: SHOW FULL COLUMNS FROM `catalogo`.
2016/10/26 11:14:18 [error] [exception.CDbException] exception 'CDbException' with message 'The table "catalogo" for active record class "Catalogo" cannot be found in the database.' in C:\xampp\htdocs\goldstarnetPublico\yii\framework\db\ar\CActiveRecord.php:2387
Stack trace:
#0 C:\xampp\htdocs\goldstarnetPublico\yii\framework\db\ar\CActiveRecord.php(411): CActiveRecordMetaData->__construct(Object(Catalogo))
#1 C:\xampp\htdocs\goldstarnetPublico\yii\framework\db\ar\CActiveRecord.php(79): CActiveRecord->getMetaData()
#2 C:\xampp\htdocs\goldstarnetPublico\protected\controllers\CatalogoController.php(145): CActiveRecord->__construct('search')
#3 C:\xampp\htdocs\goldstarnetPublico\yii\framework\web\actions\CInlineAction.php(49): CatalogoController->actionList()
#4 C:\xampp\htdocs\goldstarnetPublico\yii\framework\web\CController.php(308): CInlineAction->runWithParams(Array)
#5 C:\xampp\htdocs\goldstarnetPublico\yii\framework\web\filters\CFilterChain.php(133): CController->runAction(Object(CInlineAction))
#6 C:\xampp\htdocs\goldstarnetPublico\yii\framework\web\filters\CFilter.php(40): CFilterChain->run()
#7 C:\xampp\htdocs\goldstarnetPublico\protected\modules\rights\components\RController.php(36): CFilter->filter(Object(CFilterChain))
#8 C:\xampp\htdocs\goldstarnetPublico\yii\framework\web\filters\CInlineFilter.php(58): RController->filterRights(Object(CFilterChain))
#9 C:\xampp\htdocs\goldstarnetPublico\yii\framework\web\filters\CFilterChain.php(130): CInlineFilter->filter(Object(CFilterChain))
#10 C:\xampp\htdocs\goldstarnetPublico\yii\framework\web\CController.php(291): CFilterChain->run()
#11 C:\xampp\htdocs\goldstarnetPublico\yii\framework\web\CController.php(265): CController->runActionWithFilters(Object(CInlineAction), Array)
#12 C:\xampp\htdocs\goldstarnetPublico\yii\framework\web\CWebApplication.php(282): CController->run('list')
#13 C:\xampp\htdocs\goldstarnetPublico\yii\framework\web\CWebApplication.php(141): CWebApplication->runController('catalogo/list')
#14 C:\xampp\htdocs\goldstarnetPublico\yii\framework\base\CApplication.php(185): CWebApplication->processRequest()
#15 C:\xampp\htdocs\goldstarnetPublico\index.php(13): CApplication->run()
#16 {main}
REQUEST_URI=/goldstarnetPublico/catalogo/list
HTTP_REFERER=http://localhost/goldstarnetPublico/contratocliente/admin
---
2016/10/26 11:15:01 [error] [exception.CHttpException.403] exception 'CHttpException' with message 'You are not authorized to perform this action.' in C:\xampp\htdocs\goldstarnetPublico\protected\modules\rights\components\RController.php:62
Stack trace:
#0 C:\xampp\htdocs\goldstarnetPublico\protected\modules\rights\components\RightsFilter.php(56): RController->accessDenied()
#1 C:\xampp\htdocs\goldstarnetPublico\yii\framework\web\filters\CFilter.php(38): RightsFilter->preFilter(Object(CFilterChain))
#2 C:\xampp\htdocs\goldstarnetPublico\protected\modules\rights\components\RController.php(36): CFilter->filter(Object(CFilterChain))
#3 C:\xampp\htdocs\goldstarnetPublico\yii\framework\web\filters\CInlineFilter.php(58): RController->filterRights(Object(CFilterChain))
#4 C:\xampp\htdocs\goldstarnetPublico\yii\framework\web\filters\CFilterChain.php(130): CInlineFilter->filter(Object(CFilterChain))
#5 C:\xampp\htdocs\goldstarnetPublico\yii\framework\web\CController.php(291): CFilterChain->run()
#6 C:\xampp\htdocs\goldstarnetPublico\yii\framework\web\CController.php(265): CController->runActionWithFilters(Object(CInlineAction), Array)
#7 C:\xampp\htdocs\goldstarnetPublico\yii\framework\web\CWebApplication.php(282): CController->run('admin')
#8 C:\xampp\htdocs\goldstarnetPublico\yii\framework\web\CWebApplication.php(141): CWebApplication->runController('pais/admin')
#9 C:\xampp\htdocs\goldstarnetPublico\yii\framework\base\CApplication.php(185): CWebApplication->processRequest()
#10 C:\xampp\htdocs\goldstarnetPublico\index.php(13): CApplication->run()
#11 {main}
REQUEST_URI=/goldstarnetPublico/pais/admin
---
2016/10/26 11:15:14 [error] [php] Trying to get property of non-object (C:\xampp\htdocs\goldstarnetPublico\protected\modules\rights\components\RWebUser.php:56)
Stack trace:
#0 C:\xampp\htdocs\goldstarnetPublico\protected\modules\rights\components\RController.php(36): RightsFilter->filter()
#1 C:\xampp\htdocs\goldstarnetPublico\yii\framework\web\filters\CInlineFilter.php(58): PaisController->filterRights()
#2 C:\xampp\htdocs\goldstarnetPublico\yii\framework\web\filters\CFilterChain.php(130): CInlineFilter->filter()
#3 C:\xampp\htdocs\goldstarnetPublico\yii\framework\web\CController.php(291): CFilterChain->run()
#4 C:\xampp\htdocs\goldstarnetPublico\yii\framework\web\CController.php(265): PaisController->runActionWithFilters()
#5 C:\xampp\htdocs\goldstarnetPublico\yii\framework\web\CWebApplication.php(282): PaisController->run()
#6 C:\xampp\htdocs\goldstarnetPublico\yii\framework\web\CWebApplication.php(141): CWebApplication->runController()
#7 C:\xampp\htdocs\goldstarnetPublico\yii\framework\base\CApplication.php(185): CWebApplication->processRequest()
#8 C:\xampp\htdocs\goldstarnetPublico\index.php(13): CWebApplication->run()
REQUEST_URI=/goldstarnetPublico/pais/admin
2016/10/26 11:15:48 [error] [php] Trying to get property of non-object (C:\xampp\htdocs\goldstarnetPublico\protected\modules\rights\components\RWebUser.php:56)
Stack trace:
#0 C:\xampp\htdocs\goldstarnetPublico\protected\modules\rights\components\RController.php(36): RightsFilter->filter()
#1 C:\xampp\htdocs\goldstarnetPublico\yii\framework\web\filters\CInlineFilter.php(58): PaisController->filterRights()
#2 C:\xampp\htdocs\goldstarnetPublico\yii\framework\web\filters\CFilterChain.php(130): CInlineFilter->filter()
#3 C:\xampp\htdocs\goldstarnetPublico\yii\framework\web\CController.php(291): CFilterChain->run()
#4 C:\xampp\htdocs\goldstarnetPublico\yii\framework\web\CController.php(265): PaisController->runActionWithFilters()
#5 C:\xampp\htdocs\goldstarnetPublico\yii\framework\web\CWebApplication.php(282): PaisController->run()
#6 C:\xampp\htdocs\goldstarnetPublico\yii\framework\web\CWebApplication.php(141): CWebApplication->runController()
#7 C:\xampp\htdocs\goldstarnetPublico\yii\framework\base\CApplication.php(185): CWebApplication->processRequest()
#8 C:\xampp\htdocs\goldstarnetPublico\index.php(13): CWebApplication->run()
REQUEST_URI=/goldstarnetPublico/pais/admin
2016/10/26 11:16:20 [error] [php] Trying to get property of non-object (C:\xampp\htdocs\goldstarnetPublico\protected\modules\rights\components\RWebUser.php:56)
Stack trace:
#0 C:\xampp\htdocs\goldstarnetPublico\protected\modules\rights\components\RController.php(36): RightsFilter->filter()
#1 C:\xampp\htdocs\goldstarnetPublico\yii\framework\web\filters\CInlineFilter.php(58): PaisController->filterRights()
#2 C:\xampp\htdocs\goldstarnetPublico\yii\framework\web\filters\CFilterChain.php(130): CInlineFilter->filter()
#3 C:\xampp\htdocs\goldstarnetPublico\yii\framework\web\CController.php(291): CFilterChain->run()
#4 C:\xampp\htdocs\goldstarnetPublico\yii\framework\web\CController.php(265): PaisController->runActionWithFilters()
#5 C:\xampp\htdocs\goldstarnetPublico\yii\framework\web\CWebApplication.php(282): PaisController->run()
#6 C:\xampp\htdocs\goldstarnetPublico\yii\framework\web\CWebApplication.php(141): CWebApplication->runController()
#7 C:\xampp\htdocs\goldstarnetPublico\yii\framework\base\CApplication.php(185): CWebApplication->processRequest()
#8 C:\xampp\htdocs\goldstarnetPublico\index.php(13): CWebApplication->run()
REQUEST_URI=/goldstarnetPublico/pais/admin
2016/10/26 11:16:38 [error] [php] Trying to get property of non-object (C:\xampp\htdocs\goldstarnetPublico\protected\modules\rights\components\RWebUser.php:56)
Stack trace:
#0 C:\xampp\htdocs\goldstarnetPublico\protected\modules\rights\components\RController.php(36): RightsFilter->filter()
#1 C:\xampp\htdocs\goldstarnetPublico\yii\framework\web\filters\CInlineFilter.php(58): PaisController->filterRights()
#2 C:\xampp\htdocs\goldstarnetPublico\yii\framework\web\filters\CFilterChain.php(130): CInlineFilter->filter()
#3 C:\xampp\htdocs\goldstarnetPublico\yii\framework\web\CController.php(291): CFilterChain->run()
#4 C:\xampp\htdocs\goldstarnetPublico\yii\framework\web\CController.php(265): PaisController->runActionWithFilters()
#5 C:\xampp\htdocs\goldstarnetPublico\yii\framework\web\CWebApplication.php(282): PaisController->run()
#6 C:\xampp\htdocs\goldstarnetPublico\yii\framework\web\CWebApplication.php(141): CWebApplication->runController()
#7 C:\xampp\htdocs\goldstarnetPublico\yii\framework\base\CApplication.php(185): CWebApplication->processRequest()
#8 C:\xampp\htdocs\goldstarnetPublico\index.php(13): CWebApplication->run()
REQUEST_URI=/goldstarnetPublico/pais/admin
2016/10/26 11:16:43 [error] [php] Trying to get property of non-object (C:\xampp\htdocs\goldstarnetPublico\protected\modules\rights\components\RWebUser.php:56)
Stack trace:
#0 C:\xampp\htdocs\goldstarnetPublico\protected\modules\rights\components\RController.php(36): RightsFilter->filter()
#1 C:\xampp\htdocs\goldstarnetPublico\yii\framework\web\filters\CInlineFilter.php(58): PaisController->filterRights()
#2 C:\xampp\htdocs\goldstarnetPublico\yii\framework\web\filters\CFilterChain.php(130): CInlineFilter->filter()
#3 C:\xampp\htdocs\goldstarnetPublico\yii\framework\web\CController.php(291): CFilterChain->run()
#4 C:\xampp\htdocs\goldstarnetPublico\yii\framework\web\CController.php(265): PaisController->runActionWithFilters()
#5 C:\xampp\htdocs\goldstarnetPublico\yii\framework\web\CWebApplication.php(282): PaisController->run()
#6 C:\xampp\htdocs\goldstarnetPublico\yii\framework\web\CWebApplication.php(141): CWebApplication->runController()
#7 C:\xampp\htdocs\goldstarnetPublico\yii\framework\base\CApplication.php(185): CWebApplication->processRequest()
#8 C:\xampp\htdocs\goldstarnetPublico\index.php(13): CWebApplication->run()
REQUEST_URI=/goldstarnetPublico/pais/admin
2016/10/26 11:16:53 [error] [php] Trying to get property of non-object (C:\xampp\htdocs\goldstarnetPublico\protected\modules\rights\components\RWebUser.php:56)
Stack trace:
#0 C:\xampp\htdocs\goldstarnetPublico\protected\modules\rights\components\RController.php(36): RightsFilter->filter()
#1 C:\xampp\htdocs\goldstarnetPublico\yii\framework\web\filters\CInlineFilter.php(58): PaisController->filterRights()
#2 C:\xampp\htdocs\goldstarnetPublico\yii\framework\web\filters\CFilterChain.php(130): CInlineFilter->filter()
#3 C:\xampp\htdocs\goldstarnetPublico\yii\framework\web\CController.php(291): CFilterChain->run()
#4 C:\xampp\htdocs\goldstarnetPublico\yii\framework\web\CController.php(265): PaisController->runActionWithFilters()
#5 C:\xampp\htdocs\goldstarnetPublico\yii\framework\web\CWebApplication.php(282): PaisController->run()
#6 C:\xampp\htdocs\goldstarnetPublico\yii\framework\web\CWebApplication.php(141): CWebApplication->runController()
#7 C:\xampp\htdocs\goldstarnetPublico\yii\framework\base\CApplication.php(185): CWebApplication->processRequest()
#8 C:\xampp\htdocs\goldstarnetPublico\index.php(13): CWebApplication->run()
REQUEST_URI=/goldstarnetPublico/pais/admin
2016/10/26 11:17:23 [error] [php] Trying to get property of non-object (C:\xampp\htdocs\goldstarnetPublico\protected\modules\rights\components\RWebUser.php:56)
Stack trace:
#0 C:\xampp\htdocs\goldstarnetPublico\protected\modules\rights\components\RController.php(36): RightsFilter->filter()
#1 C:\xampp\htdocs\goldstarnetPublico\yii\framework\web\filters\CInlineFilter.php(58): PaisController->filterRights()
#2 C:\xampp\htdocs\goldstarnetPublico\yii\framework\web\filters\CFilterChain.php(130): CInlineFilter->filter()
#3 C:\xampp\htdocs\goldstarnetPublico\yii\framework\web\CController.php(291): CFilterChain->run()
#4 C:\xampp\htdocs\goldstarnetPublico\yii\framework\web\CController.php(265): PaisController->runActionWithFilters()
#5 C:\xampp\htdocs\goldstarnetPublico\yii\framework\web\CWebApplication.php(282): PaisController->run()
#6 C:\xampp\htdocs\goldstarnetPublico\yii\framework\web\CWebApplication.php(141): CWebApplication->runController()
#7 C:\xampp\htdocs\goldstarnetPublico\yii\framework\base\CApplication.php(185): CWebApplication->processRequest()
#8 C:\xampp\htdocs\goldstarnetPublico\index.php(13): CWebApplication->run()
REQUEST_URI=/goldstarnetPublico/pais/admin
2016/10/26 11:18:19 [error] [php] Trying to get property of non-object (C:\xampp\htdocs\goldstarnetPublico\protected\modules\rights\components\RWebUser.php:56)
Stack trace:
#0 C:\xampp\htdocs\goldstarnetPublico\protected\modules\rights\components\RController.php(36): RightsFilter->filter()
#1 C:\xampp\htdocs\goldstarnetPublico\yii\framework\web\filters\CInlineFilter.php(58): PaisController->filterRights()
#2 C:\xampp\htdocs\goldstarnetPublico\yii\framework\web\filters\CFilterChain.php(130): CInlineFilter->filter()
#3 C:\xampp\htdocs\goldstarnetPublico\yii\framework\web\CController.php(291): CFilterChain->run()
#4 C:\xampp\htdocs\goldstarnetPublico\yii\framework\web\CController.php(265): PaisController->runActionWithFilters()
#5 C:\xampp\htdocs\goldstarnetPublico\yii\framework\web\CWebApplication.php(282): PaisController->run()
#6 C:\xampp\htdocs\goldstarnetPublico\yii\framework\web\CWebApplication.php(141): CWebApplication->runController()
#7 C:\xampp\htdocs\goldstarnetPublico\yii\framework\base\CApplication.php(185): CWebApplication->processRequest()
#8 C:\xampp\htdocs\goldstarnetPublico\index.php(13): CWebApplication->run()
REQUEST_URI=/goldstarnetPublico/pais/admin
2016/10/26 11:18:40 [error] [php] Trying to get property of non-object (C:\xampp\htdocs\goldstarnetPublico\protected\modules\rights\components\RWebUser.php:56)
Stack trace:
#0 C:\xampp\htdocs\goldstarnetPublico\protected\modules\rights\components\RController.php(36): RightsFilter->filter()
#1 C:\xampp\htdocs\goldstarnetPublico\yii\framework\web\filters\CInlineFilter.php(58): PaisController->filterRights()
#2 C:\xampp\htdocs\goldstarnetPublico\yii\framework\web\filters\CFilterChain.php(130): CInlineFilter->filter()
#3 C:\xampp\htdocs\goldstarnetPublico\yii\framework\web\CController.php(291): CFilterChain->run()
#4 C:\xampp\htdocs\goldstarnetPublico\yii\framework\web\CController.php(265): PaisController->runActionWithFilters()
#5 C:\xampp\htdocs\goldstarnetPublico\yii\framework\web\CWebApplication.php(282): PaisController->run()
#6 C:\xampp\htdocs\goldstarnetPublico\yii\framework\web\CWebApplication.php(141): CWebApplication->runController()
#7 C:\xampp\htdocs\goldstarnetPublico\yii\framework\base\CApplication.php(185): CWebApplication->processRequest()
#8 C:\xampp\htdocs\goldstarnetPublico\index.php(13): CWebApplication->run()
REQUEST_URI=/goldstarnetPublico/pais/admin
2016/10/26 11:18:47 [error] [php] Trying to get property of non-object (C:\xampp\htdocs\goldstarnetPublico\protected\modules\rights\components\RWebUser.php:56)
Stack trace:
#0 C:\xampp\htdocs\goldstarnetPublico\protected\modules\rights\components\RController.php(36): RightsFilter->filter()
#1 C:\xampp\htdocs\goldstarnetPublico\yii\framework\web\filters\CInlineFilter.php(58): PaisController->filterRights()
#2 C:\xampp\htdocs\goldstarnetPublico\yii\framework\web\filters\CFilterChain.php(130): CInlineFilter->filter()
#3 C:\xampp\htdocs\goldstarnetPublico\yii\framework\web\CController.php(291): CFilterChain->run()
#4 C:\xampp\htdocs\goldstarnetPublico\yii\framework\web\CController.php(265): PaisController->runActionWithFilters()
#5 C:\xampp\htdocs\goldstarnetPublico\yii\framework\web\CWebApplication.php(282): PaisController->run()
#6 C:\xampp\htdocs\goldstarnetPublico\yii\framework\web\CWebApplication.php(141): CWebApplication->runController()
#7 C:\xampp\htdocs\goldstarnetPublico\yii\framework\base\CApplication.php(185): CWebApplication->processRequest()
#8 C:\xampp\htdocs\goldstarnetPublico\index.php(13): CWebApplication->run()
REQUEST_URI=/goldstarnetPublico/pais/admin
2016/10/26 11:19:06 [error] [php] Trying to get property of non-object (C:\xampp\htdocs\goldstarnetPublico\protected\modules\rights\components\RWebUser.php:56)
Stack trace:
#0 C:\xampp\htdocs\goldstarnetPublico\protected\modules\rights\components\RController.php(36): RightsFilter->filter()
#1 C:\xampp\htdocs\goldstarnetPublico\yii\framework\web\filters\CInlineFilter.php(58): PaisController->filterRights()
#2 C:\xampp\htdocs\goldstarnetPublico\yii\framework\web\filters\CFilterChain.php(130): CInlineFilter->filter()
#3 C:\xampp\htdocs\goldstarnetPublico\yii\framework\web\CController.php(291): CFilterChain->run()
#4 C:\xampp\htdocs\goldstarnetPublico\yii\framework\web\CController.php(265): PaisController->runActionWithFilters()
#5 C:\xampp\htdocs\goldstarnetPublico\yii\framework\web\CWebApplication.php(282): PaisController->run()
#6 C:\xampp\htdocs\goldstarnetPublico\yii\framework\web\CWebApplication.php(141): CWebApplication->runController()
#7 C:\xampp\htdocs\goldstarnetPublico\yii\framework\base\CApplication.php(185): CWebApplication->processRequest()
#8 C:\xampp\htdocs\goldstarnetPublico\index.php(13): CWebApplication->run()
REQUEST_URI=/goldstarnetPublico/pais/admin
2016/10/26 11:19:13 [error] [php] Trying to get property of non-object (C:\xampp\htdocs\goldstarnetPublico\protected\modules\rights\components\RWebUser.php:56)
Stack trace:
#0 C:\xampp\htdocs\goldstarnetPublico\protected\modules\rights\components\RController.php(36): RightsFilter->filter()
#1 C:\xampp\htdocs\goldstarnetPublico\yii\framework\web\filters\CInlineFilter.php(58): PaisController->filterRights()
#2 C:\xampp\htdocs\goldstarnetPublico\yii\framework\web\filters\CFilterChain.php(130): CInlineFilter->filter()
#3 C:\xampp\htdocs\goldstarnetPublico\yii\framework\web\CController.php(291): CFilterChain->run()
#4 C:\xampp\htdocs\goldstarnetPublico\yii\framework\web\CController.php(265): PaisController->runActionWithFilters()
#5 C:\xampp\htdocs\goldstarnetPublico\yii\framework\web\CWebApplication.php(282): PaisController->run()
#6 C:\xampp\htdocs\goldstarnetPublico\yii\framework\web\CWebApplication.php(141): CWebApplication->runController()
#7 C:\xampp\htdocs\goldstarnetPublico\yii\framework\base\CApplication.php(185): CWebApplication->processRequest()
#8 C:\xampp\htdocs\goldstarnetPublico\index.php(13): CWebApplication->run()
REQUEST_URI=/goldstarnetPublico/pais/admin
2016/10/26 11:19:15 [error] [php] Trying to get property of non-object (C:\xampp\htdocs\goldstarnetPublico\protected\modules\rights\components\RWebUser.php:56)
Stack trace:
#0 C:\xampp\htdocs\goldstarnetPublico\protected\modules\rights\components\RController.php(36): RightsFilter->filter()
#1 C:\xampp\htdocs\goldstarnetPublico\yii\framework\web\filters\CInlineFilter.php(58): PaisController->filterRights()
#2 C:\xampp\htdocs\goldstarnetPublico\yii\framework\web\filters\CFilterChain.php(130): CInlineFilter->filter()
#3 C:\xampp\htdocs\goldstarnetPublico\yii\framework\web\CController.php(291): CFilterChain->run()
#4 C:\xampp\htdocs\goldstarnetPublico\yii\framework\web\CController.php(265): PaisController->runActionWithFilters()
#5 C:\xampp\htdocs\goldstarnetPublico\yii\framework\web\CWebApplication.php(282): PaisController->run()
#6 C:\xampp\htdocs\goldstarnetPublico\yii\framework\web\CWebApplication.php(141): CWebApplication->runController()
#7 C:\xampp\htdocs\goldstarnetPublico\yii\framework\base\CApplication.php(185): CWebApplication->processRequest()
#8 C:\xampp\htdocs\goldstarnetPublico\index.php(13): CWebApplication->run()
REQUEST_URI=/goldstarnetPublico/pais/admin
2016/10/26 11:20:45 [error] [exception.CHttpException.403] exception 'CHttpException' with message 'You are not authorized to perform this action.' in C:\xampp\htdocs\goldstarnetPublico\protected\modules\rights\components\RController.php:62
Stack trace:
#0 C:\xampp\htdocs\goldstarnetPublico\protected\modules\rights\components\RightsFilter.php(56): RController->accessDenied()
#1 C:\xampp\htdocs\goldstarnetPublico\yii\framework\web\filters\CFilter.php(38): RightsFilter->preFilter(Object(CFilterChain))
#2 C:\xampp\htdocs\goldstarnetPublico\protected\modules\rights\components\RController.php(36): CFilter->filter(Object(CFilterChain))
#3 C:\xampp\htdocs\goldstarnetPublico\yii\framework\web\filters\CInlineFilter.php(58): RController->filterRights(Object(CFilterChain))
#4 C:\xampp\htdocs\goldstarnetPublico\yii\framework\web\filters\CFilterChain.php(130): CInlineFilter->filter(Object(CFilterChain))
#5 C:\xampp\htdocs\goldstarnetPublico\yii\framework\web\CController.php(291): CFilterChain->run()
#6 C:\xampp\htdocs\goldstarnetPublico\yii\framework\web\CController.php(265): CController->runActionWithFilters(Object(CInlineAction), Array)
#7 C:\xampp\htdocs\goldstarnetPublico\yii\framework\web\CWebApplication.php(282): CController->run('admin')
#8 C:\xampp\htdocs\goldstarnetPublico\yii\framework\web\CWebApplication.php(141): CWebApplication->runController('pais/admin')
#9 C:\xampp\htdocs\goldstarnetPublico\yii\framework\base\CApplication.php(185): CWebApplication->processRequest()
#10 C:\xampp\htdocs\goldstarnetPublico\index.php(13): CApplication->run()
#11 {main}
REQUEST_URI=/goldstarnetPublico/pais/admin
HTTP_REFERER=http://localhost/goldstarnetPublico/site/login
---
2016/10/26 11:20:55 [error] [exception.CHttpException.403] exception 'CHttpException' with message 'You are not authorized to perform this action.' in C:\xampp\htdocs\goldstarnetPublico\protected\modules\rights\components\RController.php:62
Stack trace:
#0 C:\xampp\htdocs\goldstarnetPublico\protected\modules\rights\components\RightsFilter.php(56): RController->accessDenied()
#1 C:\xampp\htdocs\goldstarnetPublico\yii\framework\web\filters\CFilter.php(38): RightsFilter->preFilter(Object(CFilterChain))
#2 C:\xampp\htdocs\goldstarnetPublico\protected\modules\rights\components\RController.php(36): CFilter->filter(Object(CFilterChain))
#3 C:\xampp\htdocs\goldstarnetPublico\yii\framework\web\filters\CInlineFilter.php(58): RController->filterRights(Object(CFilterChain))
#4 C:\xampp\htdocs\goldstarnetPublico\yii\framework\web\filters\CFilterChain.php(130): CInlineFilter->filter(Object(CFilterChain))
#5 C:\xampp\htdocs\goldstarnetPublico\yii\framework\web\CController.php(291): CFilterChain->run()
#6 C:\xampp\htdocs\goldstarnetPublico\yii\framework\web\CController.php(265): CController->runActionWithFilters(Object(CInlineAction), Array)
#7 C:\xampp\htdocs\goldstarnetPublico\yii\framework\web\CWebApplication.php(282): CController->run('admin')
#8 C:\xampp\htdocs\goldstarnetPublico\yii\framework\web\CWebApplication.php(141): CWebApplication->runController('variedad/admin')
#9 C:\xampp\htdocs\goldstarnetPublico\yii\framework\base\CApplication.php(185): CWebApplication->processRequest()
#10 C:\xampp\htdocs\goldstarnetPublico\index.php(13): CApplication->run()
#11 {main}
REQUEST_URI=/goldstarnetPublico/variedad/admin
---
2016/10/26 11:21:10 [error] [exception.CHttpException.403] exception 'CHttpException' with message 'You are not authorized to perform this action.' in C:\xampp\htdocs\goldstarnetPublico\protected\modules\rights\components\RController.php:62
Stack trace:
#0 C:\xampp\htdocs\goldstarnetPublico\protected\modules\rights\components\RightsFilter.php(56): RController->accessDenied()
#1 C:\xampp\htdocs\goldstarnetPublico\yii\framework\web\filters\CFilter.php(38): RightsFilter->preFilter(Object(CFilterChain))
#2 C:\xampp\htdocs\goldstarnetPublico\protected\modules\rights\components\RController.php(36): CFilter->filter(Object(CFilterChain))
#3 C:\xampp\htdocs\goldstarnetPublico\yii\framework\web\filters\CInlineFilter.php(58): RController->filterRights(Object(CFilterChain))
#4 C:\xampp\htdocs\goldstarnetPublico\yii\framework\web\filters\CFilterChain.php(130): CInlineFilter->filter(Object(CFilterChain))
#5 C:\xampp\htdocs\goldstarnetPublico\yii\framework\web\CController.php(291): CFilterChain->run()
#6 C:\xampp\htdocs\goldstarnetPublico\yii\framework\web\CController.php(265): CController->runActionWithFilters(Object(CInlineAction), Array)
#7 C:\xampp\htdocs\goldstarnetPublico\yii\framework\web\CWebApplication.php(282): CController->run('admin')
#8 C:\xampp\htdocs\goldstarnetPublico\yii\framework\web\CWebApplication.php(141): CWebApplication->runController('variedad/admin')
#9 C:\xampp\htdocs\goldstarnetPublico\yii\framework\base\CApplication.php(185): CWebApplication->processRequest()
#10 C:\xampp\htdocs\goldstarnetPublico\index.php(13): CApplication->run()
#11 {main}
REQUEST_URI=/goldstarnetPublico/variedad/admin
HTTP_REFERER=http://localhost/goldstarnetPublico/site/login
---
2016/10/26 11:21:34 [error] [exception.CHttpException.403] exception 'CHttpException' with message 'You are not authorized to perform this action.' in C:\xampp\htdocs\goldstarnetPublico\protected\modules\rights\components\RController.php:62
Stack trace:
#0 C:\xampp\htdocs\goldstarnetPublico\protected\modules\rights\components\RightsFilter.php(56): RController->accessDenied()
#1 C:\xampp\htdocs\goldstarnetPublico\yii\framework\web\filters\CFilter.php(38): RightsFilter->preFilter(Object(CFilterChain))
#2 C:\xampp\htdocs\goldstarnetPublico\protected\modules\rights\components\RController.php(36): CFilter->filter(Object(CFilterChain))
#3 C:\xampp\htdocs\goldstarnetPublico\yii\framework\web\filters\CInlineFilter.php(58): RController->filterRights(Object(CFilterChain))
#4 C:\xampp\htdocs\goldstarnetPublico\yii\framework\web\filters\CFilterChain.php(130): CInlineFilter->filter(Object(CFilterChain))
#5 C:\xampp\htdocs\goldstarnetPublico\yii\framework\web\CController.php(291): CFilterChain->run()
#6 C:\xampp\htdocs\goldstarnetPublico\yii\framework\web\CController.php(265): CController->runActionWithFilters(Object(CInlineAction), Array)
#7 C:\xampp\htdocs\goldstarnetPublico\yii\framework\web\CWebApplication.php(282): CController->run('admin')
#8 C:\xampp\htdocs\goldstarnetPublico\yii\framework\web\CWebApplication.php(141): CWebApplication->runController('variedad/admin')
#9 C:\xampp\htdocs\goldstarnetPublico\yii\framework\base\CApplication.php(185): CWebApplication->processRequest()
#10 C:\xampp\htdocs\goldstarnetPublico\index.php(13): CApplication->run()
#11 {main}
REQUEST_URI=/goldstarnetPublico/variedad/admin
HTTP_REFERER=http://localhost/goldstarnetPublico/site/login
---
2016/10/26 11:21:56 [error] [exception.CHttpException.403] exception 'CHttpException' with message 'You are not authorized to perform this action.' in C:\xampp\htdocs\goldstarnetPublico\protected\modules\rights\components\RController.php:62
Stack trace:
#0 C:\xampp\htdocs\goldstarnetPublico\protected\modules\rights\components\RightsFilter.php(56): RController->accessDenied()
#1 C:\xampp\htdocs\goldstarnetPublico\yii\framework\web\filters\CFilter.php(38): RightsFilter->preFilter(Object(CFilterChain))
#2 C:\xampp\htdocs\goldstarnetPublico\protected\modules\rights\components\RController.php(36): CFilter->filter(Object(CFilterChain))
#3 C:\xampp\htdocs\goldstarnetPublico\yii\framework\web\filters\CInlineFilter.php(58): RController->filterRights(Object(CFilterChain))
#4 C:\xampp\htdocs\goldstarnetPublico\yii\framework\web\filters\CFilterChain.php(130): CInlineFilter->filter(Object(CFilterChain))
#5 C:\xampp\htdocs\goldstarnetPublico\yii\framework\web\CController.php(291): CFilterChain->run()
#6 C:\xampp\htdocs\goldstarnetPublico\yii\framework\web\CController.php(265): CController->runActionWithFilters(Object(CInlineAction), Array)
#7 C:\xampp\htdocs\goldstarnetPublico\yii\framework\web\CWebApplication.php(282): CController->run('admin')
#8 C:\xampp\htdocs\goldstarnetPublico\yii\framework\web\CWebApplication.php(141): CWebApplication->runController('pais/admin')
#9 C:\xampp\htdocs\goldstarnetPublico\yii\framework\base\CApplication.php(185): CWebApplication->processRequest()
#10 C:\xampp\htdocs\goldstarnetPublico\index.php(13): CApplication->run()
#11 {main}
REQUEST_URI=/goldstarnetPublico/pais/admin
---
2016/10/26 11:22:02 [error] [php] Trying to get property of non-object (C:\xampp\htdocs\goldstarnetPublico\protected\modules\rights\components\RWebUser.php:56)
Stack trace:
#0 C:\xampp\htdocs\goldstarnetPublico\protected\modules\rights\components\RController.php(36): RightsFilter->filter()
#1 C:\xampp\htdocs\goldstarnetPublico\yii\framework\web\filters\CInlineFilter.php(58): PaisController->filterRights()
#2 C:\xampp\htdocs\goldstarnetPublico\yii\framework\web\filters\CFilterChain.php(130): CInlineFilter->filter()
#3 C:\xampp\htdocs\goldstarnetPublico\yii\framework\web\CController.php(291): CFilterChain->run()
#4 C:\xampp\htdocs\goldstarnetPublico\yii\framework\web\CController.php(265): PaisController->runActionWithFilters()
#5 C:\xampp\htdocs\goldstarnetPublico\yii\framework\web\CWebApplication.php(282): PaisController->run()
#6 C:\xampp\htdocs\goldstarnetPublico\yii\framework\web\CWebApplication.php(141): CWebApplication->runController()
#7 C:\xampp\htdocs\goldstarnetPublico\yii\framework\base\CApplication.php(185): CWebApplication->processRequest()
#8 C:\xampp\htdocs\goldstarnetPublico\index.php(13): CWebApplication->run()
REQUEST_URI=/goldstarnetPublico/pais/admin
2016/10/26 11:23:36 [error] [php] Trying to get property of non-object (C:\xampp\htdocs\goldstarnetPublico\protected\modules\rights\components\RWebUser.php:56)
Stack trace:
#0 C:\xampp\htdocs\goldstarnetPublico\protected\modules\rights\components\RController.php(36): RightsFilter->filter()
#1 C:\xampp\htdocs\goldstarnetPublico\yii\framework\web\filters\CInlineFilter.php(58): PaisController->filterRights()
#2 C:\xampp\htdocs\goldstarnetPublico\yii\framework\web\filters\CFilterChain.php(130): CInlineFilter->filter()
#3 C:\xampp\htdocs\goldstarnetPublico\yii\framework\web\CController.php(291): CFilterChain->run()
#4 C:\xampp\htdocs\goldstarnetPublico\yii\framework\web\CController.php(265): PaisController->runActionWithFilters()
#5 C:\xampp\htdocs\goldstarnetPublico\yii\framework\web\CWebApplication.php(282): PaisController->run()
#6 C:\xampp\htdocs\goldstarnetPublico\yii\framework\web\CWebApplication.php(141): CWebApplication->runController()
#7 C:\xampp\htdocs\goldstarnetPublico\yii\framework\base\CApplication.php(185): CWebApplication->processRequest()
#8 C:\xampp\htdocs\goldstarnetPublico\index.php(13): CWebApplication->run()
REQUEST_URI=/goldstarnetPublico/pais/admin
2016/10/26 11:24:01 [error] [exception.CHttpException.403] exception 'CHttpException' with message 'You are not authorized to perform this action.' in C:\xampp\htdocs\goldstarnetPublico\protected\modules\rights\components\RController.php:62
Stack trace:
#0 C:\xampp\htdocs\goldstarnetPublico\protected\modules\rights\components\RightsFilter.php(56): RController->accessDenied()
#1 C:\xampp\htdocs\goldstarnetPublico\yii\framework\web\filters\CFilter.php(38): RightsFilter->preFilter(Object(CFilterChain))
#2 C:\xampp\htdocs\goldstarnetPublico\protected\modules\rights\components\RController.php(36): CFilter->filter(Object(CFilterChain))
#3 C:\xampp\htdocs\goldstarnetPublico\yii\framework\web\filters\CInlineFilter.php(58): RController->filterRights(Object(CFilterChain))
#4 C:\xampp\htdocs\goldstarnetPublico\yii\framework\web\filters\CFilterChain.php(130): CInlineFilter->filter(Object(CFilterChain))
#5 C:\xampp\htdocs\goldstarnetPublico\yii\framework\web\CController.php(291): CFilterChain->run()
#6 C:\xampp\htdocs\goldstarnetPublico\yii\framework\web\CController.php(265): CController->runActionWithFilters(Object(CInlineAction), Array)
#7 C:\xampp\htdocs\goldstarnetPublico\yii\framework\web\CWebApplication.php(282): CController->run('admin')
#8 C:\xampp\htdocs\goldstarnetPublico\yii\framework\web\CWebApplication.php(141): CWebApplication->runController('pais/admin')
#9 C:\xampp\htdocs\goldstarnetPublico\yii\framework\base\CApplication.php(185): CWebApplication->processRequest()
#10 C:\xampp\htdocs\goldstarnetPublico\index.php(13): CApplication->run()
#11 {main}
REQUEST_URI=/goldstarnetPublico/pais/admin
---
2016/10/26 11:24:27 [error] [exception.CHttpException.404] exception 'CHttpException' with message 'Unable to resolve the request "images/bg_formInputText.gif".' in C:\xampp\htdocs\goldstarnetPublico\yii\framework\web\CWebApplication.php:286
Stack trace:
#0 C:\xampp\htdocs\goldstarnetPublico\yii\framework\web\CWebApplication.php(141): CWebApplication->runController('images/bg_formI...')
#1 C:\xampp\htdocs\goldstarnetPublico\yii\framework\base\CApplication.php(185): CWebApplication->processRequest()
#2 C:\xampp\htdocs\goldstarnetPublico\index.php(13): CApplication->run()
#3 {main}
REQUEST_URI=/goldstarnetPublico/images/bg_formInputText.gif
HTTP_REFERER=http://localhost/goldstarnetPublico/css/rights.css
---
2016/10/26 11:25:13 [error] [exception.CHttpException.404] exception 'CHttpException' with message 'Unable to resolve the request "images/bg_formInputText.gif".' in C:\xampp\htdocs\goldstarnetPublico\yii\framework\web\CWebApplication.php:286
Stack trace:
#0 C:\xampp\htdocs\goldstarnetPublico\yii\framework\web\CWebApplication.php(141): CWebApplication->runController('images/bg_formI...')
#1 C:\xampp\htdocs\goldstarnetPublico\yii\framework\base\CApplication.php(185): CWebApplication->processRequest()
#2 C:\xampp\htdocs\goldstarnetPublico\index.php(13): CApplication->run()
#3 {main}
REQUEST_URI=/goldstarnetPublico/images/bg_formInputText.gif
HTTP_REFERER=http://localhost/goldstarnetPublico/css/rights.css
---
2016/10/26 11:25:19 [error] [exception.CHttpException.404] exception 'CHttpException' with message 'Unable to resolve the request "images/bg_formInputText.gif".' in C:\xampp\htdocs\goldstarnetPublico\yii\framework\web\CWebApplication.php:286
Stack trace:
#0 C:\xampp\htdocs\goldstarnetPublico\yii\framework\web\CWebApplication.php(141): CWebApplication->runController('images/bg_formI...')
#1 C:\xampp\htdocs\goldstarnetPublico\yii\framework\base\CApplication.php(185): CWebApplication->processRequest()
#2 C:\xampp\htdocs\goldstarnetPublico\index.php(13): CApplication->run()
#3 {main}
REQUEST_URI=/goldstarnetPublico/images/bg_formInputText.gif
HTTP_REFERER=http://localhost/goldstarnetPublico/css/rights.css
---
2016/10/26 11:25:33 [error] [exception.CHttpException.403] exception 'CHttpException' with message 'You are not authorized to perform this action.' in C:\xampp\htdocs\goldstarnetPublico\protected\modules\rights\components\RController.php:62
Stack trace:
#0 C:\xampp\htdocs\goldstarnetPublico\protected\modules\rights\components\RightsFilter.php(56): RController->accessDenied()
#1 C:\xampp\htdocs\goldstarnetPublico\yii\framework\web\filters\CFilter.php(38): RightsFilter->preFilter(Object(CFilterChain))
#2 C:\xampp\htdocs\goldstarnetPublico\protected\modules\rights\components\RController.php(36): CFilter->filter(Object(CFilterChain))
#3 C:\xampp\htdocs\goldstarnetPublico\yii\framework\web\filters\CInlineFilter.php(58): RController->filterRights(Object(CFilterChain))
#4 C:\xampp\htdocs\goldstarnetPublico\yii\framework\web\filters\CFilterChain.php(130): CInlineFilter->filter(Object(CFilterChain))
#5 C:\xampp\htdocs\goldstarnetPublico\yii\framework\web\CController.php(291): CFilterChain->run()
#6 C:\xampp\htdocs\goldstarnetPublico\yii\framework\web\CController.php(265): CController->runActionWithFilters(Object(CInlineAction), Array)
#7 C:\xampp\htdocs\goldstarnetPublico\yii\framework\web\CWebApplication.php(282): CController->run('admin')
#8 C:\xampp\htdocs\goldstarnetPublico\yii\framework\web\CWebApplication.php(141): CWebApplication->runController('pais/admin')
#9 C:\xampp\htdocs\goldstarnetPublico\yii\framework\base\CApplication.php(185): CWebApplication->processRequest()
#10 C:\xampp\htdocs\goldstarnetPublico\index.php(13): CApplication->run()
#11 {main}
REQUEST_URI=/goldstarnetPublico/pais/admin
---
2016/10/26 11:25:44 [error] [exception.CHttpException.403] exception 'CHttpException' with message 'You are not authorized to perform this action.' in C:\xampp\htdocs\goldstarnetPublico\protected\modules\rights\components\RController.php:62
Stack trace:
#0 C:\xampp\htdocs\goldstarnetPublico\protected\modules\rights\components\RightsFilter.php(56): RController->accessDenied()
#1 C:\xampp\htdocs\goldstarnetPublico\yii\framework\web\filters\CFilter.php(38): RightsFilter->preFilter(Object(CFilterChain))
#2 C:\xampp\htdocs\goldstarnetPublico\protected\modules\rights\components\RController.php(36): CFilter->filter(Object(CFilterChain))
#3 C:\xampp\htdocs\goldstarnetPublico\yii\framework\web\filters\CInlineFilter.php(58): RController->filterRights(Object(CFilterChain))
#4 C:\xampp\htdocs\goldstarnetPublico\yii\framework\web\filters\CFilterChain.php(130): CInlineFilter->filter(Object(CFilterChain))
#5 C:\xampp\htdocs\goldstarnetPublico\yii\framework\web\CController.php(291): CFilterChain->run()
#6 C:\xampp\htdocs\goldstarnetPublico\yii\framework\web\CController.php(265): CController->runActionWithFilters(Object(CInlineAction), Array)
#7 C:\xampp\htdocs\goldstarnetPublico\yii\framework\web\CWebApplication.php(282): CController->run('admin')
#8 C:\xampp\htdocs\goldstarnetPublico\yii\framework\web\CWebApplication.php(141): CWebApplication->runController('pais/admin')
#9 C:\xampp\htdocs\goldstarnetPublico\yii\framework\base\CApplication.php(185): CWebApplication->processRequest()
#10 C:\xampp\htdocs\goldstarnetPublico\index.php(13): CApplication->run()
#11 {main}
REQUEST_URI=/goldstarnetPublico/pais/admin
HTTP_REFERER=http://localhost/goldstarnetPublico/site/login
---
2016/10/26 11:25:49 [error] [exception.CHttpException.403] exception 'CHttpException' with message 'You are not authorized to perform this action.' in C:\xampp\htdocs\goldstarnetPublico\protected\modules\rights\components\RController.php:62
Stack trace:
#0 C:\xampp\htdocs\goldstarnetPublico\protected\modules\rights\components\RightsFilter.php(56): RController->accessDenied()
#1 C:\xampp\htdocs\goldstarnetPublico\yii\framework\web\filters\CFilter.php(38): RightsFilter->preFilter(Object(CFilterChain))
#2 C:\xampp\htdocs\goldstarnetPublico\protected\modules\rights\components\RController.php(36): CFilter->filter(Object(CFilterChain))
#3 C:\xampp\htdocs\goldstarnetPublico\yii\framework\web\filters\CInlineFilter.php(58): RController->filterRights(Object(CFilterChain))
#4 C:\xampp\htdocs\goldstarnetPublico\yii\framework\web\filters\CFilterChain.php(130): CInlineFilter->filter(Object(CFilterChain))
#5 C:\xampp\htdocs\goldstarnetPublico\yii\framework\web\CController.php(291): CFilterChain->run()
#6 C:\xampp\htdocs\goldstarnetPublico\yii\framework\web\CController.php(265): CController->runActionWithFilters(Object(CInlineAction), Array)
#7 C:\xampp\htdocs\goldstarnetPublico\yii\framework\web\CWebApplication.php(282): CController->run('admin')
#8 C:\xampp\htdocs\goldstarnetPublico\yii\framework\web\CWebApplication.php(141): CWebApplication->runController('pais/admin')
#9 C:\xampp\htdocs\goldstarnetPublico\yii\framework\base\CApplication.php(185): CWebApplication->processRequest()
#10 C:\xampp\htdocs\goldstarnetPublico\index.php(13): CApplication->run()
#11 {main}
REQUEST_URI=/goldstarnetPublico/pais/admin
---
2016/10/26 11:26:20 [error] [exception.CHttpException.403] exception 'CHttpException' with message 'You are not authorized to perform this action.' in C:\xampp\htdocs\goldstarnetPublico\protected\modules\rights\components\RController.php:62
Stack trace:
#0 C:\xampp\htdocs\goldstarnetPublico\protected\modules\rights\components\RightsFilter.php(57): RController->accessDenied()
#1 C:\xampp\htdocs\goldstarnetPublico\yii\framework\web\filters\CFilter.php(38): RightsFilter->preFilter(Object(CFilterChain))
#2 C:\xampp\htdocs\goldstarnetPublico\protected\modules\rights\components\RController.php(36): CFilter->filter(Object(CFilterChain))
#3 C:\xampp\htdocs\goldstarnetPublico\yii\framework\web\filters\CInlineFilter.php(58): RController->filterRights(Object(CFilterChain))
#4 C:\xampp\htdocs\goldstarnetPublico\yii\framework\web\filters\CFilterChain.php(130): CInlineFilter->filter(Object(CFilterChain))
#5 C:\xampp\htdocs\goldstarnetPublico\yii\framework\web\CController.php(291): CFilterChain->run()
#6 C:\xampp\htdocs\goldstarnetPublico\yii\framework\web\CController.php(265): CController->runActionWithFilters(Object(CInlineAction), Array)
#7 C:\xampp\htdocs\goldstarnetPublico\yii\framework\web\CWebApplication.php(282): CController->run('admin')
#8 C:\xampp\htdocs\goldstarnetPublico\yii\framework\web\CWebApplication.php(141): CWebApplication->runController('pais/admin')
#9 C:\xampp\htdocs\goldstarnetPublico\yii\framework\base\CApplication.php(185): CWebApplication->processRequest()
#10 C:\xampp\htdocs\goldstarnetPublico\index.php(13): CApplication->run()
#11 {main}
REQUEST_URI=/goldstarnetPublico/pais/admin
---
2016/10/26 11:26:24 [error] [exception.CHttpException.403] exception 'CHttpException' with message 'You are not authorized to perform this action.' in C:\xampp\htdocs\goldstarnetPublico\protected\modules\rights\components\RController.php:62
Stack trace:
#0 C:\xampp\htdocs\goldstarnetPublico\protected\modules\rights\components\RightsFilter.php(57): RController->accessDenied()
#1 C:\xampp\htdocs\goldstarnetPublico\yii\framework\web\filters\CFilter.php(38): RightsFilter->preFilter(Object(CFilterChain))
#2 C:\xampp\htdocs\goldstarnetPublico\protected\modules\rights\components\RController.php(36): CFilter->filter(Object(CFilterChain))
#3 C:\xampp\htdocs\goldstarnetPublico\yii\framework\web\filters\CInlineFilter.php(58): RController->filterRights(Object(CFilterChain))
#4 C:\xampp\htdocs\goldstarnetPublico\yii\framework\web\filters\CFilterChain.php(130): CInlineFilter->filter(Object(CFilterChain))
#5 C:\xampp\htdocs\goldstarnetPublico\yii\framework\web\CController.php(291): CFilterChain->run()
#6 C:\xampp\htdocs\goldstarnetPublico\yii\framework\web\CController.php(265): CController->runActionWithFilters(Object(CInlineAction), Array)
#7 C:\xampp\htdocs\goldstarnetPublico\yii\framework\web\CWebApplication.php(282): CController->run('admin')
#8 C:\xampp\htdocs\goldstarnetPublico\yii\framework\web\CWebApplication.php(141): CWebApplication->runController('pais/admin')
#9 C:\xampp\htdocs\goldstarnetPublico\yii\framework\base\CApplication.php(185): CWebApplication->processRequest()
#10 C:\xampp\htdocs\goldstarnetPublico\index.php(13): CApplication->run()
#11 {main}
REQUEST_URI=/goldstarnetPublico/pais/admin
---
2016/10/26 11:29:28 [error] [exception.CHttpException.403] exception 'CHttpException' with message 'You are not authorized to perform this action.' in C:\xampp\htdocs\goldstarnetPublico\protected\modules\rights\components\RController.php:62
Stack trace:
#0 C:\xampp\htdocs\goldstarnetPublico\protected\modules\rights\components\RightsFilter.php(58): RController->accessDenied()
#1 C:\xampp\htdocs\goldstarnetPublico\yii\framework\web\filters\CFilter.php(38): RightsFilter->preFilter(Object(CFilterChain))
#2 C:\xampp\htdocs\goldstarnetPublico\protected\modules\rights\components\RController.php(36): CFilter->filter(Object(CFilterChain))
#3 C:\xampp\htdocs\goldstarnetPublico\yii\framework\web\filters\CInlineFilter.php(58): RController->filterRights(Object(CFilterChain))
#4 C:\xampp\htdocs\goldstarnetPublico\yii\framework\web\filters\CFilterChain.php(130): CInlineFilter->filter(Object(CFilterChain))
#5 C:\xampp\htdocs\goldstarnetPublico\yii\framework\web\CController.php(291): CFilterChain->run()
#6 C:\xampp\htdocs\goldstarnetPublico\yii\framework\web\CController.php(265): CController->runActionWithFilters(Object(CInlineAction), Array)
#7 C:\xampp\htdocs\goldstarnetPublico\yii\framework\web\CWebApplication.php(282): CController->run('admin')
#8 C:\xampp\htdocs\goldstarnetPublico\yii\framework\web\CWebApplication.php(141): CWebApplication->runController('pais/admin')
#9 C:\xampp\htdocs\goldstarnetPublico\yii\framework\base\CApplication.php(185): CWebApplication->processRequest()
#10 C:\xampp\htdocs\goldstarnetPublico\index.php(13): CApplication->run()
#11 {main}
REQUEST_URI=/goldstarnetPublico/pais/admin
HTTP_REFERER=http://localhost/goldstarnetPublico/site/login
---
2016/10/26 11:31:48 [error] [exception.CHttpException.403] exception 'CHttpException' with message 'You are not authorized to perform this action.' in C:\xampp\htdocs\goldstarnetPublico\protected\modules\rights\components\RController.php:62
Stack trace:
#0 C:\xampp\htdocs\goldstarnetPublico\protected\modules\rights\components\RightsFilter.php(59): RController->accessDenied()
#1 C:\xampp\htdocs\goldstarnetPublico\yii\framework\web\filters\CFilter.php(38): RightsFilter->preFilter(Object(CFilterChain))
#2 C:\xampp\htdocs\goldstarnetPublico\protected\modules\rights\components\RController.php(36): CFilter->filter(Object(CFilterChain))
#3 C:\xampp\htdocs\goldstarnetPublico\yii\framework\web\filters\CInlineFilter.php(58): RController->filterRights(Object(CFilterChain))
#4 C:\xampp\htdocs\goldstarnetPublico\yii\framework\web\filters\CFilterChain.php(130): CInlineFilter->filter(Object(CFilterChain))
#5 C:\xampp\htdocs\goldstarnetPublico\yii\framework\web\CController.php(291): CFilterChain->run()
#6 C:\xampp\htdocs\goldstarnetPublico\yii\framework\web\CController.php(265): CController->runActionWithFilters(Object(CInlineAction), Array)
#7 C:\xampp\htdocs\goldstarnetPublico\yii\framework\web\CWebApplication.php(282): CController->run('admin')
#8 C:\xampp\htdocs\goldstarnetPublico\yii\framework\web\CWebApplication.php(141): CWebApplication->runController('pais/admin')
#9 C:\xampp\htdocs\goldstarnetPublico\yii\framework\base\CApplication.php(185): CWebApplication->processRequest()
#10 C:\xampp\htdocs\goldstarnetPublico\index.php(13): CApplication->run()
#11 {main}
REQUEST_URI=/goldstarnetPublico/pais/admin
HTTP_REFERER=http://localhost/goldstarnetPublico/site/login
---
2016/10/26 11:32:07 [error] [exception.CHttpException.403] exception 'CHttpException' with message 'You are not authorized to perform this action.' in C:\xampp\htdocs\goldstarnetPublico\protected\modules\rights\components\RController.php:62
Stack trace:
#0 C:\xampp\htdocs\goldstarnetPublico\protected\modules\rights\components\RightsFilter.php(59): RController->accessDenied()
#1 C:\xampp\htdocs\goldstarnetPublico\yii\framework\web\filters\CFilter.php(38): RightsFilter->preFilter(Object(CFilterChain))
#2 C:\xampp\htdocs\goldstarnetPublico\protected\modules\rights\components\RController.php(36): CFilter->filter(Object(CFilterChain))
#3 C:\xampp\htdocs\goldstarnetPublico\yii\framework\web\filters\CInlineFilter.php(58): RController->filterRights(Object(CFilterChain))
#4 C:\xampp\htdocs\goldstarnetPublico\yii\framework\web\filters\CFilterChain.php(130): CInlineFilter->filter(Object(CFilterChain))
#5 C:\xampp\htdocs\goldstarnetPublico\yii\framework\web\CController.php(291): CFilterChain->run()
#6 C:\xampp\htdocs\goldstarnetPublico\yii\framework\web\CController.php(265): CController->runActionWithFilters(Object(CInlineAction), Array)
#7 C:\xampp\htdocs\goldstarnetPublico\yii\framework\web\CWebApplication.php(282): CController->run('admin')
#8 C:\xampp\htdocs\goldstarnetPublico\yii\framework\web\CWebApplication.php(141): CWebApplication->runController('pais/admin')
#9 C:\xampp\htdocs\goldstarnetPublico\yii\framework\base\CApplication.php(185): CWebApplication->processRequest()
#10 C:\xampp\htdocs\goldstarnetPublico\index.php(13): CApplication->run()
#11 {main}
REQUEST_URI=/goldstarnetPublico/pais/admin
HTTP_REFERER=http://localhost/goldstarnetPublico/site/login
---
2016/10/26 11:32:11 [error] [exception.CHttpException.403] exception 'CHttpException' with message 'You are not authorized to perform this action.' in C:\xampp\htdocs\goldstarnetPublico\protected\modules\rights\components\RController.php:62
Stack trace:
#0 C:\xampp\htdocs\goldstarnetPublico\protected\modules\rights\components\RightsFilter.php(59): RController->accessDenied()
#1 C:\xampp\htdocs\goldstarnetPublico\yii\framework\web\filters\CFilter.php(38): RightsFilter->preFilter(Object(CFilterChain))
#2 C:\xampp\htdocs\goldstarnetPublico\protected\modules\rights\components\RController.php(36): CFilter->filter(Object(CFilterChain))
#3 C:\xampp\htdocs\goldstarnetPublico\yii\framework\web\filters\CInlineFilter.php(58): RController->filterRights(Object(CFilterChain))
#4 C:\xampp\htdocs\goldstarnetPublico\yii\framework\web\filters\CFilterChain.php(130): CInlineFilter->filter(Object(CFilterChain))
#5 C:\xampp\htdocs\goldstarnetPublico\yii\framework\web\CController.php(291): CFilterChain->run()
#6 C:\xampp\htdocs\goldstarnetPublico\yii\framework\web\CController.php(265): CController->runActionWithFilters(Object(CInlineAction), Array)
#7 C:\xampp\htdocs\goldstarnetPublico\yii\framework\web\CWebApplication.php(282): CController->run('index')
#8 C:\xampp\htdocs\goldstarnetPublico\yii\framework\web\CWebApplication.php(141): CWebApplication->runController('cliente/index')
#9 C:\xampp\htdocs\goldstarnetPublico\yii\framework\base\CApplication.php(185): CWebApplication->processRequest()
#10 C:\xampp\htdocs\goldstarnetPublico\index.php(13): CApplication->run()
#11 {main}
REQUEST_URI=/goldstarnetPublico/cliente/index
HTTP_REFERER=http://localhost/goldstarnetPublico/contratocliente/index
---
2016/10/26 11:32:49 [error] [exception.CHttpException.403] exception 'CHttpException' with message 'You are not authorized to perform this action.' in C:\xampp\htdocs\goldstarnetPublico\protected\modules\rights\components\RController.php:62
Stack trace:
#0 C:\xampp\htdocs\goldstarnetPublico\protected\modules\rights\components\RightsFilter.php(59): RController->accessDenied()
#1 C:\xampp\htdocs\goldstarnetPublico\yii\framework\web\filters\CFilter.php(38): RightsFilter->preFilter(Object(CFilterChain))
#2 C:\xampp\htdocs\goldstarnetPublico\protected\modules\rights\components\RController.php(36): CFilter->filter(Object(CFilterChain))
#3 C:\xampp\htdocs\goldstarnetPublico\yii\framework\web\filters\CInlineFilter.php(58): RController->filterRights(Object(CFilterChain))
#4 C:\xampp\htdocs\goldstarnetPublico\yii\framework\web\filters\CFilterChain.php(130): CInlineFilter->filter(Object(CFilterChain))
#5 C:\xampp\htdocs\goldstarnetPublico\yii\framework\web\CController.php(291): CFilterChain->run()
#6 C:\xampp\htdocs\goldstarnetPublico\yii\framework\web\CController.php(265): CController->runActionWithFilters(Object(CInlineAction), Array)
#7 C:\xampp\htdocs\goldstarnetPublico\yii\framework\web\CWebApplication.php(282): CController->run('admin')
#8 C:\xampp\htdocs\goldstarnetPublico\yii\framework\web\CWebApplication.php(141): CWebApplication->runController('pais/admin')
#9 C:\xampp\htdocs\goldstarnetPublico\yii\framework\base\CApplication.php(185): CWebApplication->processRequest()
#10 C:\xampp\htdocs\goldstarnetPublico\index.php(13): CApplication->run()
#11 {main}
REQUEST_URI=/goldstarnetPublico/pais/admin
HTTP_REFERER=http://localhost/goldstarnetPublico/site/login
---
2016/10/26 11:32:59 [error] [exception.CHttpException.404] exception 'CHttpException' with message 'Unable to resolve the request "images/bg_formInputText.gif".' in C:\xampp\htdocs\goldstarnetPublico\yii\framework\web\CWebApplication.php:286
Stack trace:
#0 C:\xampp\htdocs\goldstarnetPublico\yii\framework\web\CWebApplication.php(141): CWebApplication->runController('images/bg_formI...')
#1 C:\xampp\htdocs\goldstarnetPublico\yii\framework\base\CApplication.php(185): CWebApplication->processRequest()
#2 C:\xampp\htdocs\goldstarnetPublico\index.php(13): CApplication->run()
#3 {main}
REQUEST_URI=/goldstarnetPublico/images/bg_formInputText.gif
HTTP_REFERER=http://localhost/goldstarnetPublico/css/rights.css
---
2016/10/26 11:33:30 [error] [exception.CHttpException.403] exception 'CHttpException' with message 'You are not authorized to perform this action.' in C:\xampp\htdocs\goldstarnetPublico\protected\modules\rights\components\RController.php:62
Stack trace:
#0 C:\xampp\htdocs\goldstarnetPublico\protected\modules\rights\components\RightsFilter.php(59): RController->accessDenied()
#1 C:\xampp\htdocs\goldstarnetPublico\yii\framework\web\filters\CFilter.php(38): RightsFilter->preFilter(Object(CFilterChain))
#2 C:\xampp\htdocs\goldstarnetPublico\protected\modules\rights\components\RController.php(36): CFilter->filter(Object(CFilterChain))
#3 C:\xampp\htdocs\goldstarnetPublico\yii\framework\web\filters\CInlineFilter.php(58): RController->filterRights(Object(CFilterChain))
#4 C:\xampp\htdocs\goldstarnetPublico\yii\framework\web\filters\CFilterChain.php(130): CInlineFilter->filter(Object(CFilterChain))
#5 C:\xampp\htdocs\goldstarnetPublico\yii\framework\web\CController.php(291): CFilterChain->run()
#6 C:\xampp\htdocs\goldstarnetPublico\yii\framework\web\CController.php(265): CController->runActionWithFilters(Object(CInlineAction), Array)
#7 C:\xampp\htdocs\goldstarnetPublico\yii\framework\web\CWebApplication.php(282): CController->run('index')
#8 C:\xampp\htdocs\goldstarnetPublico\yii\framework\web\CWebApplication.php(141): CWebApplication->runController('cliente/index')
#9 C:\xampp\htdocs\goldstarnetPublico\yii\framework\base\CApplication.php(185): CWebApplication->processRequest()
#10 C:\xampp\htdocs\goldstarnetPublico\index.php(13): CApplication->run()
#11 {main}
REQUEST_URI=/goldstarnetPublico/cliente/index
HTTP_REFERER=http://localhost/goldstarnetPublico/contratocliente/index
---
2016/10/26 11:37:15 [error] [exception.CHttpException.403] exception 'CHttpException' with message 'You are not authorized to perform this action.' in C:\xampp\htdocs\goldstarnetPublico\protected\modules\rights\components\RController.php:62
Stack trace:
#0 C:\xampp\htdocs\goldstarnetPublico\protected\modules\rights\components\RightsFilter.php(59): RController->accessDenied()
#1 C:\xampp\htdocs\goldstarnetPublico\yii\framework\web\filters\CFilter.php(38): RightsFilter->preFilter(Object(CFilterChain))
#2 C:\xampp\htdocs\goldstarnetPublico\protected\modules\rights\components\RController.php(36): CFilter->filter(Object(CFilterChain))
#3 C:\xampp\htdocs\goldstarnetPublico\yii\framework\web\filters\CInlineFilter.php(58): RController->filterRights(Object(CFilterChain))
#4 C:\xampp\htdocs\goldstarnetPublico\yii\framework\web\filters\CFilterChain.php(130): CInlineFilter->filter(Object(CFilterChain))
#5 C:\xampp\htdocs\goldstarnetPublico\yii\framework\web\CController.php(291): CFilterChain->run()
#6 C:\xampp\htdocs\goldstarnetPublico\yii\framework\web\CController.php(265): CController->runActionWithFilters(Object(CInlineAction), Array)
#7 C:\xampp\htdocs\goldstarnetPublico\yii\framework\web\CWebApplication.php(282): CController->run('index')
#8 C:\xampp\htdocs\goldstarnetPublico\yii\framework\web\CWebApplication.php(141): CWebApplication->runController('moneda/index')
#9 C:\xampp\htdocs\goldstarnetPublico\yii\framework\base\CApplication.php(185): CWebApplication->processRequest()
#10 C:\xampp\htdocs\goldstarnetPublico\index.php(13): CApplication->run()
#11 {main}
REQUEST_URI=/goldstarnetPublico/moneda/index
HTTP_REFERER=http://localhost/goldstarnetPublico/rights/authItem/update/name/Admin
---
2016/10/26 11:37:40 [error] [exception.CHttpException.403] exception 'CHttpException' with message 'You are not authorized to perform this action.' in C:\xampp\htdocs\goldstarnetPublico\protected\modules\rights\components\RController.php:62
Stack trace:
#0 C:\xampp\htdocs\goldstarnetPublico\protected\modules\rights\components\RightsFilter.php(59): RController->accessDenied()
#1 C:\xampp\htdocs\goldstarnetPublico\yii\framework\web\filters\CFilter.php(38): RightsFilter->preFilter(Object(CFilterChain))
#2 C:\xampp\htdocs\goldstarnetPublico\protected\modules\rights\components\RController.php(36): CFilter->filter(Object(CFilterChain))
#3 C:\xampp\htdocs\goldstarnetPublico\yii\framework\web\filters\CInlineFilter.php(58): RController->filterRights(Object(CFilterChain))
#4 C:\xampp\htdocs\goldstarnetPublico\yii\framework\web\filters\CFilterChain.php(130): CInlineFilter->filter(Object(CFilterChain))
#5 C:\xampp\htdocs\goldstarnetPublico\yii\framework\web\CController.php(291): CFilterChain->run()
#6 C:\xampp\htdocs\goldstarnetPublico\yii\framework\web\CController.php(265): CController->runActionWithFilters(Object(CInlineAction), Array)
#7 C:\xampp\htdocs\goldstarnetPublico\yii\framework\web\CWebApplication.php(282): CController->run('admin')
#8 C:\xampp\htdocs\goldstarnetPublico\yii\framework\web\CWebApplication.php(141): CWebApplication->runController('temporada/admin')
#9 C:\xampp\htdocs\goldstarnetPublico\yii\framework\base\CApplication.php(185): CWebApplication->processRequest()
#10 C:\xampp\htdocs\goldstarnetPublico\index.php(13): CApplication->run()
#11 {main}
REQUEST_URI=/goldstarnetPublico/temporada/admin
---
